<?xml version="1.0" encoding="UTF-8"?>
<!-- Generated by org.testng.reporters.JUnitXMLReporter -->
<testsuite hostname="vika-ПК" ignored="0" name="Testing in Chrome" tests="2" failures="1" timestamp="28 апр 2018 19:32:05 GMT" time="315.343" errors="0">
  <testcase name="checkBayTicket" time="44.824" classname="tests.SecondTest">
    <failure type="java.lang.NullPointerException">
      <![CDATA[java.lang.NullPointerException
at includes.PassengerData.TypeInputs(PassengerData.java:59)
at tests.SecondTest.checkBayTicket(SecondTest.java:173)
... Removed 29 stack frames]]>
    </failure>
  </testcase> <!-- checkBayTicket -->
  <testcase name="checkingCities" time="266.796" classname="tests.SecondTest"/>
</testsuite> <!-- Testing in Chrome -->
