<?xml version="1.0" encoding="UTF-8"?>
<testng-results skipped="0" failed="1" ignored="0" total="2" passed="1">
  <reporter-output>
  </reporter-output>
  <suite name="Chrome" duration-ms="315343" started-at="2018-04-28T19:26:50Z" finished-at="2018-04-28T19:32:05Z">
    <groups>
    </groups>
    <test name="Testing in Chrome" duration-ms="315343" started-at="2018-04-28T19:26:50Z" finished-at="2018-04-28T19:32:05Z">
      <class name="tests.SecondTest">
        <test-method status="PASS" signature="initialization()[pri:0, instance:tests.SecondTest@60addb54]" name="initialization" is-config="true" duration-ms="0" started-at="2018-04-28T19:26:50Z" finished-at="2018-04-28T19:26:50Z">
          <reporter-output>
          </reporter-output>
        </test-method> <!-- initialization -->
        <test-method status="PASS" signature="SettingBrowser(java.lang.String)[pri:0, instance:tests.SecondTest@60addb54]" name="SettingBrowser" is-config="true" duration-ms="3704" started-at="2018-04-28T19:26:50Z" finished-at="2018-04-28T19:26:54Z">
          <params>
            <param index="0">
              <value>
                <![CDATA[Chrome]]>
              </value>
            </param>
          </params>
          <reporter-output>
          </reporter-output>
        </test-method> <!-- SettingBrowser -->
        <test-method status="FAIL" signature="checkBayTicket()[pri:0, instance:tests.SecondTest@60addb54]" name="checkBayTicket" duration-ms="44824" started-at="2018-04-28T19:26:54Z" finished-at="2018-04-28T19:27:38Z">
          <exception class="java.lang.NullPointerException">
            <full-stacktrace>
              <![CDATA[java.lang.NullPointerException
at includes.PassengerData.TypeInputs(PassengerData.java:59)
at tests.SecondTest.checkBayTicket(SecondTest.java:173)
at sun.reflect.NativeMethodAccessorImpl.invoke0(Native Method)
at sun.reflect.NativeMethodAccessorImpl.invoke(NativeMethodAccessorImpl.java:62)
at sun.reflect.DelegatingMethodAccessorImpl.invoke(DelegatingMethodAccessorImpl.java:43)
at java.lang.reflect.Method.invoke(Method.java:498)
at org.testng.internal.MethodInvocationHelper.invokeMethod(MethodInvocationHelper.java:124)
at org.testng.internal.Invoker.invokeMethod(Invoker.java:580)
at org.testng.internal.Invoker.invokeTestMethod(Invoker.java:716)
at org.testng.internal.Invoker.invokeTestMethods(Invoker.java:988)
at org.testng.internal.TestMethodWorker.invokeTestMethods(TestMethodWorker.java:125)
at org.testng.internal.TestMethodWorker.run(TestMethodWorker.java:109)
at org.testng.TestRunner.privateRun(TestRunner.java:648)
at org.testng.TestRunner.run(TestRunner.java:505)
at org.testng.SuiteRunner.runTest(SuiteRunner.java:455)
at org.testng.SuiteRunner.runSequentially(SuiteRunner.java:450)
at org.testng.SuiteRunner.privateRun(SuiteRunner.java:415)
at org.testng.SuiteRunner.run(SuiteRunner.java:364)
at org.testng.SuiteRunnerWorker.runSuite(SuiteRunnerWorker.java:52)
at org.testng.SuiteRunnerWorker.run(SuiteRunnerWorker.java:84)
at org.testng.TestNG.runSuitesSequentially(TestNG.java:1208)
at org.testng.TestNG.runSuitesLocally(TestNG.java:1137)
at org.testng.TestNG.runSuites(TestNG.java:1049)
at org.testng.TestNG.run(TestNG.java:1017)
at org.apache.maven.surefire.testng.TestNGExecutor.run(TestNGExecutor.java:283)
at org.apache.maven.surefire.testng.TestNGXmlTestSuite.execute(TestNGXmlTestSuite.java:75)
at org.apache.maven.surefire.testng.TestNGProvider.invoke(TestNGProvider.java:120)
at org.apache.maven.surefire.booter.ForkedBooter.invokeProviderInSameClassLoader(ForkedBooter.java:379)
at org.apache.maven.surefire.booter.ForkedBooter.runSuitesInProcess(ForkedBooter.java:340)
at org.apache.maven.surefire.booter.ForkedBooter.execute(ForkedBooter.java:125)
at org.apache.maven.surefire.booter.ForkedBooter.main(ForkedBooter.java:413)
]]>
            </full-stacktrace>
          </exception> <!-- java.lang.NullPointerException -->
          <reporter-output>
          </reporter-output>
        </test-method> <!-- checkBayTicket -->
        <test-method status="PASS" signature="checkingCities()[pri:0, instance:tests.SecondTest@60addb54]" name="checkingCities" duration-ms="266796" started-at="2018-04-28T19:27:38Z" finished-at="2018-04-28T19:32:05Z">
          <reporter-output>
          </reporter-output>
        </test-method> <!-- checkingCities -->
        <test-method status="PASS" signature="SettingBrowser(java.lang.String)[pri:0, instance:tests.SecondTest@60addb54]" name="SettingBrowser" is-config="true" duration-ms="0" started-at="2018-04-28T19:27:38Z" finished-at="2018-04-28T19:27:38Z">
          <params>
            <param index="0">
              <value>
                <![CDATA[Chrome]]>
              </value>
            </param>
          </params>
          <reporter-output>
          </reporter-output>
        </test-method> <!-- SettingBrowser -->
        <test-method status="PASS" signature="reset()[pri:0, instance:tests.SecondTest@60addb54]" name="reset" is-config="true" duration-ms="0" started-at="2018-04-28T19:32:05Z" finished-at="2018-04-28T19:32:05Z">
          <reporter-output>
          </reporter-output>
        </test-method> <!-- reset -->
      </class> <!-- tests.SecondTest -->
    </test> <!-- Testing in Chrome -->
  </suite> <!-- Chrome -->
</testng-results>
