<?xml version="1.0" encoding="UTF-8"?>
<testsuite xmlns:xsi="http://www.w3.org/2001/XMLSchema-instance" xsi:noNamespaceSchemaLocation="https://maven.apache.org/surefire/maven-surefire-plugin/xsd/surefire-test-report.xsd" name="TestSuite" time="315.848" tests="2" errors="0" skipped="0" failures="1">
  <properties>
[...]
</properties>
  <testcase name="checkBayTicket" classname="tests.SecondTest" time="44.821">
    <failure type="java.lang.NullPointerException">java.lang.NullPointerException
	at tests.SecondTest.checkBayTicket(SecondTest.java:173)
</failure>
    <system-err><![CDATA[Starting ChromeDriver 2.37.544315 (730aa6a5fdba159ac9f4c1e8cbc59bf1b5ce12b7) on port 43181
Only local connections are allowed.
апр 28, 2018 10:26:54 PM org.openqa.selenium.remote.ProtocolHandshake createSession
INFO: Detected dialect: OSS
]]></system-err>
  </testcase>
  <testcase name="checkingCities" classname="tests.SecondTest" time="266.799"/>
</testsuite>