<?xml version="1.0" encoding="UTF-8"?>
<testng-results skipped="0" failed="0" ignored="0" total="1" passed="1">
  <reporter-output>
  </reporter-output>
  <suite name="testng" duration-ms="32417" started-at="2018-06-20T10:56:52Z" finished-at="2018-06-20T10:57:24Z">
    <groups>
    </groups>
    <test name="TestingChrome" duration-ms="32417" started-at="2018-06-20T10:56:52Z" finished-at="2018-06-20T10:57:24Z">
      <class name="tests.TShirtsTest">
        <test-method status="PASS" signature="settingBrowser(java.lang.String)[pri:0, instance:tests.TShirtsTest@5d5eef3d]" name="settingBrowser" is-config="true" duration-ms="5559" started-at="2018-06-20T10:56:52Z" finished-at="2018-06-20T10:56:57Z">
          <params>
            <param index="0">
              <value>
                <![CDATA[Chrome_to_HAR]]>
              </value>
            </param>
          </params>
          <reporter-output>
          </reporter-output>
        </test-method> <!-- settingBrowser -->
        <test-method status="PASS" signature="tShirtsTest()[pri:0, instance:tests.TShirtsTest@5d5eef3d]" name="tShirtsTest" duration-ms="25279" started-at="2018-06-20T10:56:57Z" finished-at="2018-06-20T10:57:23Z">
          <reporter-output>
          </reporter-output>
        </test-method> <!-- tShirtsTest -->
        <test-method status="PASS" signature="reset(org.testng.ITestResult, java.lang.String)[pri:0, instance:tests.TShirtsTest@5d5eef3d]" name="reset" is-config="true" duration-ms="1567" started-at="2018-06-20T10:57:23Z" finished-at="2018-06-20T10:57:24Z">
          <params>
            <param index="0">
              <value>
                <![CDATA[[TestResult name=tShirtsTest status=SUCCESS method=TShirtsTest.tShirtsTest()[pri:0, instance:tests.TShirtsTest@5d5eef3d] output={null}]]]>
              </value>
            </param>
            <param index="1">
              <value>
                <![CDATA[Chrome_to_HAR]]>
              </value>
            </param>
          </params>
          <reporter-output>
          </reporter-output>
        </test-method> <!-- reset -->
      </class> <!-- tests.TShirtsTest -->
    </test> <!-- TestingChrome -->
  </suite> <!-- testng -->
</testng-results>
